Traceback (most recent call last):
  File "/Users/furui/envs/zeropro-book/lib/python3.9/site-packages/jupyter_cache/executors/utils.py", line 58, in single_nb_execution
    executenb(
  File "/Users/furui/envs/zeropro-book/lib/python3.9/site-packages/nbclient/client.py", line 1204, in execute
    return NotebookClient(nb=nb, resources=resources, km=km, **kwargs).execute()
  File "/Users/furui/envs/zeropro-book/lib/python3.9/site-packages/nbclient/util.py", line 84, in wrapped
    return just_run(coro(*args, **kwargs))
  File "/Users/furui/envs/zeropro-book/lib/python3.9/site-packages/nbclient/util.py", line 62, in just_run
    return loop.run_until_complete(coro)
  File "/Users/furui/.pyenv/shims/versions/3.9.7/lib/python3.9/asyncio/base_events.py", line 642, in run_until_complete
    return future.result()
  File "/Users/furui/envs/zeropro-book/lib/python3.9/site-packages/nbclient/client.py", line 663, in async_execute
    await self.async_execute_cell(
  File "/Users/furui/envs/zeropro-book/lib/python3.9/site-packages/nbclient/client.py", line 965, in async_execute_cell
    await self._check_raise_for_error(cell, cell_index, exec_reply)
  File "/Users/furui/envs/zeropro-book/lib/python3.9/site-packages/nbclient/client.py", line 862, in _check_raise_for_error
    raise CellExecutionError.from_cell_and_msg(cell, exec_reply_content)
nbclient.exceptions.CellExecutionError: An error occurred while executing the following cell:
------------------
# è§£ç­”ä¾‹:
from sklearn.linear_model import LinearRegression

reg = LinearRegression()
reg = reg.fit(X, y)

a = reg.coef_[0]
b = reg.intercept_
y_pred = a * X + b

plt.scatter(X, y, marker='x', label='è¦³æ¸¬ã•ã‚ŒãŸãƒ‡ãƒ¼ã‚¿')
plt.plot(X, y_pred, c='g', label='ç·šå½¢å›å¸°ã«ã‚ˆã£ã¦å¾—ã‚‰ã‚ŒãŸé–¢æ•°')
plt.title('LinearRegressionã®çµæœ')
plt.xlabel('x') # xè»¸ã®ãƒ©ãƒ™ãƒ«ã‚’è¿½åŠ 
plt.ylabel('y') # yè»¸ã®ãƒ©ãƒ™ãƒ«ã‚’è¿½åŠ 
plt.legend()
------------------

[0;31m---------------------------------------------------------------------------[0m
[0;31mModuleNotFoundError[0m                       Traceback (most recent call last)
Input [0;32mIn [9][0m, in [0;36m<cell line: 2>[0;34m()[0m
[1;32m      1[0m [38;5;66;03m# è§£ç­”ä¾‹:[39;00m
[0;32m----> 2[0m [38;5;28;01mfrom[39;00m [38;5;21;01msklearn[39;00m[38;5;21;01m.[39;00m[38;5;21;01mlinear_model[39;00m [38;5;28;01mimport[39;00m LinearRegression
[1;32m      4[0m reg [38;5;241m=[39m LinearRegression()
[1;32m      5[0m reg [38;5;241m=[39m reg[38;5;241m.[39mfit(X, y)

[0;31mModuleNotFoundError[0m: No module named 'sklearn'
ModuleNotFoundError: No module named 'sklearn'

